<?xml version="1.0" encoding="UTF-8"?>
<testsuite xmlns:xsi="http://www.w3.org/2001/XMLSchema-instance" xsi:noNamespaceSchemaLocation="https://maven.apache.org/surefire/maven-surefire-plugin/xsd/surefire-test-report.xsd" name="cn.dns.service.impl.DnsServiceImplTest" time="2.209" tests="1" errors="0" skipped="0" failures="0">
  <properties>
    <property name="sun.desktop" value="windows"/>
    <property name="awt.toolkit" value="sun.awt.windows.WToolkit"/>
    <property name="file.encoding.pkg" value="sun.io"/>
    <property name="java.specification.version" value="1.8"/>
    <property name="sun.cpu.isalist" value="amd64"/>
    <property name="sun.jnu.encoding" value="GBK"/>
    <property name="java.class.path" value="D:\git_new\DS\dnsDemo\target\test-classes;D:\git_new\DS\dnsDemo\target\classes;D:\maven.m2\org\springframework\boot\spring-boot-starter-web\2.2.4.RELEASE\spring-boot-starter-web-2.2.4.RELEASE.jar;D:\maven.m2\org\springframework\boot\spring-boot-starter\2.2.4.RELEASE\spring-boot-starter-2.2.4.RELEASE.jar;D:\maven.m2\org\springframework\boot\spring-boot\2.2.4.RELEASE\spring-boot-2.2.4.RELEASE.jar;D:\maven.m2\org\springframework\boot\spring-boot-autoconfigure\2.2.4.RELEASE\spring-boot-autoconfigure-2.2.4.RELEASE.jar;D:\maven.m2\org\springframework\boot\spring-boot-starter-logging\2.2.4.RELEASE\spring-boot-starter-logging-2.2.4.RELEASE.jar;D:\maven.m2\org\apache\logging\log4j\log4j-to-slf4j\2.12.1\log4j-to-slf4j-2.12.1.jar;D:\maven.m2\org\apache\logging\log4j\log4j-api\2.12.1\log4j-api-2.12.1.jar;D:\maven.m2\org\slf4j\jul-to-slf4j\1.7.30\jul-to-slf4j-1.7.30.jar;D:\maven.m2\jakarta\annotation\jakarta.annotation-api\1.3.5\jakarta.annotation-api-1.3.5.jar;D:\maven.m2\org\yaml\snakeyaml\1.25\snakeyaml-1.25.jar;D:\maven.m2\org\springframework\boot\spring-boot-starter-json\2.2.4.RELEASE\spring-boot-starter-json-2.2.4.RELEASE.jar;D:\maven.m2\com\fasterxml\jackson\core\jackson-databind\2.10.2\jackson-databind-2.10.2.jar;D:\maven.m2\com\fasterxml\jackson\core\jackson-annotations\2.10.2\jackson-annotations-2.10.2.jar;D:\maven.m2\com\fasterxml\jackson\core\jackson-core\2.10.2\jackson-core-2.10.2.jar;D:\maven.m2\com\fasterxml\jackson\datatype\jackson-datatype-jdk8\2.10.2\jackson-datatype-jdk8-2.10.2.jar;D:\maven.m2\com\fasterxml\jackson\datatype\jackson-datatype-jsr310\2.10.2\jackson-datatype-jsr310-2.10.2.jar;D:\maven.m2\com\fasterxml\jackson\module\jackson-module-parameter-names\2.10.2\jackson-module-parameter-names-2.10.2.jar;D:\maven.m2\org\springframework\boot\spring-boot-starter-tomcat\2.2.4.RELEASE\spring-boot-starter-tomcat-2.2.4.RELEASE.jar;D:\maven.m2\org\apache\tomcat\embed\tomcat-embed-core\9.0.30\tomcat-embed-core-9.0.30.jar;D:\maven.m2\org\apache\tomcat\embed\tomcat-embed-el\9.0.30\tomcat-embed-el-9.0.30.jar;D:\maven.m2\org\apache\tomcat\embed\tomcat-embed-websocket\9.0.30\tomcat-embed-websocket-9.0.30.jar;D:\maven.m2\org\springframework\boot\spring-boot-starter-validation\2.2.4.RELEASE\spring-boot-starter-validation-2.2.4.RELEASE.jar;D:\maven.m2\jakarta\validation\jakarta.validation-api\2.0.2\jakarta.validation-api-2.0.2.jar;D:\maven.m2\org\hibernate\validator\hibernate-validator\6.0.18.Final\hibernate-validator-6.0.18.Final.jar;D:\maven.m2\org\jboss\logging\jboss-logging\3.4.1.Final\jboss-logging-3.4.1.Final.jar;D:\maven.m2\org\springframework\spring-web\5.2.3.RELEASE\spring-web-5.2.3.RELEASE.jar;D:\maven.m2\org\springframework\spring-beans\5.2.3.RELEASE\spring-beans-5.2.3.RELEASE.jar;D:\maven.m2\org\springframework\spring-webmvc\5.2.3.RELEASE\spring-webmvc-5.2.3.RELEASE.jar;D:\maven.m2\org\springframework\spring-aop\5.2.3.RELEASE\spring-aop-5.2.3.RELEASE.jar;D:\maven.m2\org\springframework\spring-context\5.2.3.RELEASE\spring-context-5.2.3.RELEASE.jar;D:\maven.m2\org\springframework\spring-expression\5.2.3.RELEASE\spring-expression-5.2.3.RELEASE.jar;D:\maven.m2\org\springframework\boot\spring-boot-starter-test\2.2.4.RELEASE\spring-boot-starter-test-2.2.4.RELEASE.jar;D:\maven.m2\org\springframework\boot\spring-boot-test\2.2.4.RELEASE\spring-boot-test-2.2.4.RELEASE.jar;D:\maven.m2\org\springframework\boot\spring-boot-test-autoconfigure\2.2.4.RELEASE\spring-boot-test-autoconfigure-2.2.4.RELEASE.jar;D:\maven.m2\com\jayway\jsonpath\json-path\2.4.0\json-path-2.4.0.jar;D:\maven.m2\net\minidev\json-smart\2.3\json-smart-2.3.jar;D:\maven.m2\net\minidev\accessors-smart\1.2\accessors-smart-1.2.jar;D:\maven.m2\jakarta\xml\bind\jakarta.xml.bind-api\2.3.2\jakarta.xml.bind-api-2.3.2.jar;D:\maven.m2\jakarta\activation\jakarta.activation-api\1.2.1\jakarta.activation-api-1.2.1.jar;D:\maven.m2\org\junit\jupiter\junit-jupiter\5.5.2\junit-jupiter-5.5.2.jar;D:\maven.m2\org\junit\jupiter\junit-jupiter-api\5.5.2\junit-jupiter-api-5.5.2.jar;D:\maven.m2\org\opentest4j\opentest4j\1.2.0\opentest4j-1.2.0.jar;D:\maven.m2\org\junit\platform\junit-platform-commons\1.5.2\junit-platform-commons-1.5.2.jar;D:\maven.m2\org\junit\jupiter\junit-jupiter-params\5.5.2\junit-jupiter-params-5.5.2.jar;D:\maven.m2\org\junit\jupiter\junit-jupiter-engine\5.5.2\junit-jupiter-engine-5.5.2.jar;D:\maven.m2\org\junit\vintage\junit-vintage-engine\5.5.2\junit-vintage-engine-5.5.2.jar;D:\maven.m2\org\apiguardian\apiguardian-api\1.1.0\apiguardian-api-1.1.0.jar;D:\maven.m2\org\junit\platform\junit-platform-engine\1.5.2\junit-platform-engine-1.5.2.jar;D:\maven.m2\junit\junit\4.12\junit-4.12.jar;D:\maven.m2\org\mockito\mockito-junit-jupiter\3.1.0\mockito-junit-jupiter-3.1.0.jar;D:\maven.m2\org\assertj\assertj-core\3.13.2\assertj-core-3.13.2.jar;D:\maven.m2\org\hamcrest\hamcrest\2.1\hamcrest-2.1.jar;D:\maven.m2\org\mockito\mockito-core\3.1.0\mockito-core-3.1.0.jar;D:\maven.m2\net\bytebuddy\byte-buddy\1.10.6\byte-buddy-1.10.6.jar;D:\maven.m2\net\bytebuddy\byte-buddy-agent\1.10.6\byte-buddy-agent-1.10.6.jar;D:\maven.m2\org\objenesis\objenesis\2.6\objenesis-2.6.jar;D:\maven.m2\org\skyscreamer\jsonassert\1.5.0\jsonassert-1.5.0.jar;D:\maven.m2\com\vaadin\external\google\android-json\0.0.20131108.vaadin1\android-json-0.0.20131108.vaadin1.jar;D:\maven.m2\org\springframework\spring-core\5.2.3.RELEASE\spring-core-5.2.3.RELEASE.jar;D:\maven.m2\org\springframework\spring-jcl\5.2.3.RELEASE\spring-jcl-5.2.3.RELEASE.jar;D:\maven.m2\org\springframework\spring-test\5.2.3.RELEASE\spring-test-5.2.3.RELEASE.jar;D:\maven.m2\org\xmlunit\xmlunit-core\2.6.3\xmlunit-core-2.6.3.jar;D:\maven.m2\com\spring4all\swagger-spring-boot-starter\1.7.0.RELEASE\swagger-spring-boot-starter-1.7.0.RELEASE.jar;D:\maven.m2\io\springfox\springfox-swagger-ui\2.8.0\springfox-swagger-ui-2.8.0.jar;D:\maven.m2\io\springfox\springfox-spring-web\2.8.0\springfox-spring-web-2.8.0.jar;D:\maven.m2\org\reflections\reflections\0.9.11\reflections-0.9.11.jar;D:\maven.m2\org\javassist\javassist\3.21.0-GA\javassist-3.21.0-GA.jar;D:\maven.m2\io\springfox\springfox-swagger2\2.8.0\springfox-swagger2-2.8.0.jar;D:\maven.m2\io\swagger\swagger-annotations\1.5.14\swagger-annotations-1.5.14.jar;D:\maven.m2\io\swagger\swagger-models\1.5.14\swagger-models-1.5.14.jar;D:\maven.m2\io\springfox\springfox-spi\2.8.0\springfox-spi-2.8.0.jar;D:\maven.m2\io\springfox\springfox-core\2.8.0\springfox-core-2.8.0.jar;D:\maven.m2\io\springfox\springfox-schema\2.8.0\springfox-schema-2.8.0.jar;D:\maven.m2\io\springfox\springfox-swagger-common\2.8.0\springfox-swagger-common-2.8.0.jar;D:\maven.m2\com\google\guava\guava\20.0\guava-20.0.jar;D:\maven.m2\com\fasterxml\classmate\1.5.1\classmate-1.5.1.jar;D:\maven.m2\org\springframework\plugin\spring-plugin-core\1.2.0.RELEASE\spring-plugin-core-1.2.0.RELEASE.jar;D:\maven.m2\org\springframework\plugin\spring-plugin-metadata\1.2.0.RELEASE\spring-plugin-metadata-1.2.0.RELEASE.jar;D:\maven.m2\org\mapstruct\mapstruct\1.2.0.Final\mapstruct-1.2.0.Final.jar;D:\maven.m2\io\springfox\springfox-bean-validators\2.8.0\springfox-bean-validators-2.8.0.jar;D:\maven.m2\org\projectlombok\lombok\1.16.16\lombok-1.16.16.jar;D:\maven.m2\org\jacoco\jacoco-maven-plugin\0.8.2\jacoco-maven-plugin-0.8.2.jar;D:\maven.m2\org\apache\maven\maven-plugin-api\2.2.1\maven-plugin-api-2.2.1.jar;D:\maven.m2\org\apache\maven\maven-project\2.2.1\maven-project-2.2.1.jar;D:\maven.m2\org\apache\maven\maven-settings\2.2.1\maven-settings-2.2.1.jar;D:\maven.m2\org\apache\maven\maven-profile\2.2.1\maven-profile-2.2.1.jar;D:\maven.m2\org\apache\maven\maven-model\2.2.1\maven-model-2.2.1.jar;D:\maven.m2\org\apache\maven\maven-artifact-manager\2.2.1\maven-artifact-manager-2.2.1.jar;D:\maven.m2\org\apache\maven\maven-repository-metadata\2.2.1\maven-repository-metadata-2.2.1.jar;D:\maven.m2\org\apache\maven\wagon\wagon-provider-api\1.0-beta-6\wagon-provider-api-1.0-beta-6.jar;D:\maven.m2\backport-util-concurrent\backport-util-concurrent\3.1\backport-util-concurrent-3.1.jar;D:\maven.m2\org\apache\maven\maven-plugin-registry\2.2.1\maven-plugin-registry-2.2.1.jar;D:\maven.m2\org\codehaus\plexus\plexus-interpolation\1.11\plexus-interpolation-1.11.jar;D:\maven.m2\org\apache\maven\maven-artifact\2.2.1\maven-artifact-2.2.1.jar;D:\maven.m2\org\codehaus\plexus\plexus-container-default\1.0-alpha-9-stable-1\plexus-container-default-1.0-alpha-9-stable-1.jar;D:\maven.m2\classworlds\classworlds\1.1-alpha-2\classworlds-1.1-alpha-2.jar;D:\maven.m2\org\codehaus\plexus\plexus-utils\3.0.22\plexus-utils-3.0.22.jar;D:\maven.m2\org\apache\maven\shared\file-management\1.2.1\file-management-1.2.1.jar;D:\maven.m2\org\apache\maven\shared\maven-shared-io\1.1\maven-shared-io-1.1.jar;D:\maven.m2\org\apache\maven\reporting\maven-reporting-api\2.2.1\maven-reporting-api-2.2.1.jar;D:\maven.m2\org\apache\maven\doxia\doxia-sink-api\1.1\doxia-sink-api-1.1.jar;D:\maven.m2\org\apache\maven\doxia\doxia-logging-api\1.1\doxia-logging-api-1.1.jar;D:\maven.m2\org\apache\maven\reporting\maven-reporting-impl\2.1\maven-reporting-impl-2.1.jar;D:\maven.m2\org\apache\maven\doxia\doxia-core\1.1.2\doxia-core-1.1.2.jar;D:\maven.m2\xerces\xercesImpl\2.8.1\xercesImpl-2.8.1.jar;D:\maven.m2\commons-lang\commons-lang\2.4\commons-lang-2.4.jar;D:\maven.m2\commons-httpclient\commons-httpclient\3.1\commons-httpclient-3.1.jar;D:\maven.m2\commons-codec\commons-codec\1.13\commons-codec-1.13.jar;D:\maven.m2\org\apache\maven\doxia\doxia-site-renderer\1.1.2\doxia-site-renderer-1.1.2.jar;D:\maven.m2\org\apache\maven\doxia\doxia-decoration-model\1.1.2\doxia-decoration-model-1.1.2.jar;D:\maven.m2\org\apache\maven\doxia\doxia-module-xhtml\1.1.2\doxia-module-xhtml-1.1.2.jar;D:\maven.m2\org\apache\maven\doxia\doxia-module-fml\1.1.2\doxia-module-fml-1.1.2.jar;D:\maven.m2\org\codehaus\plexus\plexus-i18n\1.0-beta-7\plexus-i18n-1.0-beta-7.jar;D:\maven.m2\org\codehaus\plexus\plexus-velocity\1.1.7\plexus-velocity-1.1.7.jar;D:\maven.m2\org\apache\velocity\velocity\1.5\velocity-1.5.jar;D:\maven.m2\commons-collections\commons-collections\3.2\commons-collections-3.2.jar;D:\maven.m2\commons-validator\commons-validator\1.2.0\commons-validator-1.2.0.jar;D:\maven.m2\commons-beanutils\commons-beanutils\1.7.0\commons-beanutils-1.7.0.jar;D:\maven.m2\commons-digester\commons-digester\1.6\commons-digester-1.6.jar;D:\maven.m2\commons-logging\commons-logging\1.0.4\commons-logging-1.0.4.jar;D:\maven.m2\oro\oro\2.0.8\oro-2.0.8.jar;D:\maven.m2\xml-apis\xml-apis\1.0.b2\xml-apis-1.0.b2.jar;D:\maven.m2\org\jacoco\org.jacoco.agent\0.8.2\org.jacoco.agent-0.8.2-runtime.jar;D:\maven.m2\org\jacoco\org.jacoco.core\0.8.2\org.jacoco.core-0.8.2.jar;D:\maven.m2\org\ow2\asm\asm\6.2.1\asm-6.2.1.jar;D:\maven.m2\org\ow2\asm\asm-commons\6.2.1\asm-commons-6.2.1.jar;D:\maven.m2\org\ow2\asm\asm-analysis\6.2.1\asm-analysis-6.2.1.jar;D:\maven.m2\org\ow2\asm\asm-tree\6.2.1\asm-tree-6.2.1.jar;D:\maven.m2\org\jacoco\org.jacoco.report\0.8.2\org.jacoco.report-0.8.2.jar;D:\maven.m2\ch\qos\logback\logback-classic\1.1.11\logback-classic-1.1.11.jar;D:\maven.m2\ch\qos\logback\logback-core\1.2.3\logback-core-1.2.3.jar;D:\maven.m2\org\slf4j\slf4j-api\1.7.30\slf4j-api-1.7.30.jar;"/>
    <property name="java.vm.vendor" value="Oracle Corporation"/>
    <property name="sun.arch.data.model" value="64"/>
    <property name="user.variant" value=""/>
    <property name="java.vendor.url" value="http://java.oracle.com/"/>
    <property name="user.timezone" value="Asia/Shanghai"/>
    <property name="java.vm.specification.version" value="1.8"/>
    <property name="os.name" value="Windows 10"/>
    <property name="user.country" value="CN"/>
    <property name="sun.java.launcher" value="SUN_STANDARD"/>
    <property name="sun.boot.library.path" value="C:\Program Files\Java\jdk1.8.0_77\jre\bin"/>
    <property name="sun.java.command" value="C:\Users\yuell\AppData\Local\Temp\surefire9015551009071867903\surefirebooter4531948097582050221.jar C:\Users\yuell\AppData\Local\Temp\surefire9015551009071867903 2021-07-04T14-24-58_273-jvmRun1 surefire7618815274751141601tmp surefire_07427085422232521261tmp"/>
    <property name="surefire.test.class.path" value="D:\git_new\DS\dnsDemo\target\test-classes;D:\git_new\DS\dnsDemo\target\classes;D:\maven.m2\org\springframework\boot\spring-boot-starter-web\2.2.4.RELEASE\spring-boot-starter-web-2.2.4.RELEASE.jar;D:\maven.m2\org\springframework\boot\spring-boot-starter\2.2.4.RELEASE\spring-boot-starter-2.2.4.RELEASE.jar;D:\maven.m2\org\springframework\boot\spring-boot\2.2.4.RELEASE\spring-boot-2.2.4.RELEASE.jar;D:\maven.m2\org\springframework\boot\spring-boot-autoconfigure\2.2.4.RELEASE\spring-boot-autoconfigure-2.2.4.RELEASE.jar;D:\maven.m2\org\springframework\boot\spring-boot-starter-logging\2.2.4.RELEASE\spring-boot-starter-logging-2.2.4.RELEASE.jar;D:\maven.m2\org\apache\logging\log4j\log4j-to-slf4j\2.12.1\log4j-to-slf4j-2.12.1.jar;D:\maven.m2\org\apache\logging\log4j\log4j-api\2.12.1\log4j-api-2.12.1.jar;D:\maven.m2\org\slf4j\jul-to-slf4j\1.7.30\jul-to-slf4j-1.7.30.jar;D:\maven.m2\jakarta\annotation\jakarta.annotation-api\1.3.5\jakarta.annotation-api-1.3.5.jar;D:\maven.m2\org\yaml\snakeyaml\1.25\snakeyaml-1.25.jar;D:\maven.m2\org\springframework\boot\spring-boot-starter-json\2.2.4.RELEASE\spring-boot-starter-json-2.2.4.RELEASE.jar;D:\maven.m2\com\fasterxml\jackson\core\jackson-databind\2.10.2\jackson-databind-2.10.2.jar;D:\maven.m2\com\fasterxml\jackson\core\jackson-annotations\2.10.2\jackson-annotations-2.10.2.jar;D:\maven.m2\com\fasterxml\jackson\core\jackson-core\2.10.2\jackson-core-2.10.2.jar;D:\maven.m2\com\fasterxml\jackson\datatype\jackson-datatype-jdk8\2.10.2\jackson-datatype-jdk8-2.10.2.jar;D:\maven.m2\com\fasterxml\jackson\datatype\jackson-datatype-jsr310\2.10.2\jackson-datatype-jsr310-2.10.2.jar;D:\maven.m2\com\fasterxml\jackson\module\jackson-module-parameter-names\2.10.2\jackson-module-parameter-names-2.10.2.jar;D:\maven.m2\org\springframework\boot\spring-boot-starter-tomcat\2.2.4.RELEASE\spring-boot-starter-tomcat-2.2.4.RELEASE.jar;D:\maven.m2\org\apache\tomcat\embed\tomcat-embed-core\9.0.30\tomcat-embed-core-9.0.30.jar;D:\maven.m2\org\apache\tomcat\embed\tomcat-embed-el\9.0.30\tomcat-embed-el-9.0.30.jar;D:\maven.m2\org\apache\tomcat\embed\tomcat-embed-websocket\9.0.30\tomcat-embed-websocket-9.0.30.jar;D:\maven.m2\org\springframework\boot\spring-boot-starter-validation\2.2.4.RELEASE\spring-boot-starter-validation-2.2.4.RELEASE.jar;D:\maven.m2\jakarta\validation\jakarta.validation-api\2.0.2\jakarta.validation-api-2.0.2.jar;D:\maven.m2\org\hibernate\validator\hibernate-validator\6.0.18.Final\hibernate-validator-6.0.18.Final.jar;D:\maven.m2\org\jboss\logging\jboss-logging\3.4.1.Final\jboss-logging-3.4.1.Final.jar;D:\maven.m2\org\springframework\spring-web\5.2.3.RELEASE\spring-web-5.2.3.RELEASE.jar;D:\maven.m2\org\springframework\spring-beans\5.2.3.RELEASE\spring-beans-5.2.3.RELEASE.jar;D:\maven.m2\org\springframework\spring-webmvc\5.2.3.RELEASE\spring-webmvc-5.2.3.RELEASE.jar;D:\maven.m2\org\springframework\spring-aop\5.2.3.RELEASE\spring-aop-5.2.3.RELEASE.jar;D:\maven.m2\org\springframework\spring-context\5.2.3.RELEASE\spring-context-5.2.3.RELEASE.jar;D:\maven.m2\org\springframework\spring-expression\5.2.3.RELEASE\spring-expression-5.2.3.RELEASE.jar;D:\maven.m2\org\springframework\boot\spring-boot-starter-test\2.2.4.RELEASE\spring-boot-starter-test-2.2.4.RELEASE.jar;D:\maven.m2\org\springframework\boot\spring-boot-test\2.2.4.RELEASE\spring-boot-test-2.2.4.RELEASE.jar;D:\maven.m2\org\springframework\boot\spring-boot-test-autoconfigure\2.2.4.RELEASE\spring-boot-test-autoconfigure-2.2.4.RELEASE.jar;D:\maven.m2\com\jayway\jsonpath\json-path\2.4.0\json-path-2.4.0.jar;D:\maven.m2\net\minidev\json-smart\2.3\json-smart-2.3.jar;D:\maven.m2\net\minidev\accessors-smart\1.2\accessors-smart-1.2.jar;D:\maven.m2\jakarta\xml\bind\jakarta.xml.bind-api\2.3.2\jakarta.xml.bind-api-2.3.2.jar;D:\maven.m2\jakarta\activation\jakarta.activation-api\1.2.1\jakarta.activation-api-1.2.1.jar;D:\maven.m2\org\junit\jupiter\junit-jupiter\5.5.2\junit-jupiter-5.5.2.jar;D:\maven.m2\org\junit\jupiter\junit-jupiter-api\5.5.2\junit-jupiter-api-5.5.2.jar;D:\maven.m2\org\opentest4j\opentest4j\1.2.0\opentest4j-1.2.0.jar;D:\maven.m2\org\junit\platform\junit-platform-commons\1.5.2\junit-platform-commons-1.5.2.jar;D:\maven.m2\org\junit\jupiter\junit-jupiter-params\5.5.2\junit-jupiter-params-5.5.2.jar;D:\maven.m2\org\junit\jupiter\junit-jupiter-engine\5.5.2\junit-jupiter-engine-5.5.2.jar;D:\maven.m2\org\junit\vintage\junit-vintage-engine\5.5.2\junit-vintage-engine-5.5.2.jar;D:\maven.m2\org\apiguardian\apiguardian-api\1.1.0\apiguardian-api-1.1.0.jar;D:\maven.m2\org\junit\platform\junit-platform-engine\1.5.2\junit-platform-engine-1.5.2.jar;D:\maven.m2\junit\junit\4.12\junit-4.12.jar;D:\maven.m2\org\mockito\mockito-junit-jupiter\3.1.0\mockito-junit-jupiter-3.1.0.jar;D:\maven.m2\org\assertj\assertj-core\3.13.2\assertj-core-3.13.2.jar;D:\maven.m2\org\hamcrest\hamcrest\2.1\hamcrest-2.1.jar;D:\maven.m2\org\mockito\mockito-core\3.1.0\mockito-core-3.1.0.jar;D:\maven.m2\net\bytebuddy\byte-buddy\1.10.6\byte-buddy-1.10.6.jar;D:\maven.m2\net\bytebuddy\byte-buddy-agent\1.10.6\byte-buddy-agent-1.10.6.jar;D:\maven.m2\org\objenesis\objenesis\2.6\objenesis-2.6.jar;D:\maven.m2\org\skyscreamer\jsonassert\1.5.0\jsonassert-1.5.0.jar;D:\maven.m2\com\vaadin\external\google\android-json\0.0.20131108.vaadin1\android-json-0.0.20131108.vaadin1.jar;D:\maven.m2\org\springframework\spring-core\5.2.3.RELEASE\spring-core-5.2.3.RELEASE.jar;D:\maven.m2\org\springframework\spring-jcl\5.2.3.RELEASE\spring-jcl-5.2.3.RELEASE.jar;D:\maven.m2\org\springframework\spring-test\5.2.3.RELEASE\spring-test-5.2.3.RELEASE.jar;D:\maven.m2\org\xmlunit\xmlunit-core\2.6.3\xmlunit-core-2.6.3.jar;D:\maven.m2\com\spring4all\swagger-spring-boot-starter\1.7.0.RELEASE\swagger-spring-boot-starter-1.7.0.RELEASE.jar;D:\maven.m2\io\springfox\springfox-swagger-ui\2.8.0\springfox-swagger-ui-2.8.0.jar;D:\maven.m2\io\springfox\springfox-spring-web\2.8.0\springfox-spring-web-2.8.0.jar;D:\maven.m2\org\reflections\reflections\0.9.11\reflections-0.9.11.jar;D:\maven.m2\org\javassist\javassist\3.21.0-GA\javassist-3.21.0-GA.jar;D:\maven.m2\io\springfox\springfox-swagger2\2.8.0\springfox-swagger2-2.8.0.jar;D:\maven.m2\io\swagger\swagger-annotations\1.5.14\swagger-annotations-1.5.14.jar;D:\maven.m2\io\swagger\swagger-models\1.5.14\swagger-models-1.5.14.jar;D:\maven.m2\io\springfox\springfox-spi\2.8.0\springfox-spi-2.8.0.jar;D:\maven.m2\io\springfox\springfox-core\2.8.0\springfox-core-2.8.0.jar;D:\maven.m2\io\springfox\springfox-schema\2.8.0\springfox-schema-2.8.0.jar;D:\maven.m2\io\springfox\springfox-swagger-common\2.8.0\springfox-swagger-common-2.8.0.jar;D:\maven.m2\com\google\guava\guava\20.0\guava-20.0.jar;D:\maven.m2\com\fasterxml\classmate\1.5.1\classmate-1.5.1.jar;D:\maven.m2\org\springframework\plugin\spring-plugin-core\1.2.0.RELEASE\spring-plugin-core-1.2.0.RELEASE.jar;D:\maven.m2\org\springframework\plugin\spring-plugin-metadata\1.2.0.RELEASE\spring-plugin-metadata-1.2.0.RELEASE.jar;D:\maven.m2\org\mapstruct\mapstruct\1.2.0.Final\mapstruct-1.2.0.Final.jar;D:\maven.m2\io\springfox\springfox-bean-validators\2.8.0\springfox-bean-validators-2.8.0.jar;D:\maven.m2\org\projectlombok\lombok\1.16.16\lombok-1.16.16.jar;D:\maven.m2\org\jacoco\jacoco-maven-plugin\0.8.2\jacoco-maven-plugin-0.8.2.jar;D:\maven.m2\org\apache\maven\maven-plugin-api\2.2.1\maven-plugin-api-2.2.1.jar;D:\maven.m2\org\apache\maven\maven-project\2.2.1\maven-project-2.2.1.jar;D:\maven.m2\org\apache\maven\maven-settings\2.2.1\maven-settings-2.2.1.jar;D:\maven.m2\org\apache\maven\maven-profile\2.2.1\maven-profile-2.2.1.jar;D:\maven.m2\org\apache\maven\maven-model\2.2.1\maven-model-2.2.1.jar;D:\maven.m2\org\apache\maven\maven-artifact-manager\2.2.1\maven-artifact-manager-2.2.1.jar;D:\maven.m2\org\apache\maven\maven-repository-metadata\2.2.1\maven-repository-metadata-2.2.1.jar;D:\maven.m2\org\apache\maven\wagon\wagon-provider-api\1.0-beta-6\wagon-provider-api-1.0-beta-6.jar;D:\maven.m2\backport-util-concurrent\backport-util-concurrent\3.1\backport-util-concurrent-3.1.jar;D:\maven.m2\org\apache\maven\maven-plugin-registry\2.2.1\maven-plugin-registry-2.2.1.jar;D:\maven.m2\org\codehaus\plexus\plexus-interpolation\1.11\plexus-interpolation-1.11.jar;D:\maven.m2\org\apache\maven\maven-artifact\2.2.1\maven-artifact-2.2.1.jar;D:\maven.m2\org\codehaus\plexus\plexus-container-default\1.0-alpha-9-stable-1\plexus-container-default-1.0-alpha-9-stable-1.jar;D:\maven.m2\classworlds\classworlds\1.1-alpha-2\classworlds-1.1-alpha-2.jar;D:\maven.m2\org\codehaus\plexus\plexus-utils\3.0.22\plexus-utils-3.0.22.jar;D:\maven.m2\org\apache\maven\shared\file-management\1.2.1\file-management-1.2.1.jar;D:\maven.m2\org\apache\maven\shared\maven-shared-io\1.1\maven-shared-io-1.1.jar;D:\maven.m2\org\apache\maven\reporting\maven-reporting-api\2.2.1\maven-reporting-api-2.2.1.jar;D:\maven.m2\org\apache\maven\doxia\doxia-sink-api\1.1\doxia-sink-api-1.1.jar;D:\maven.m2\org\apache\maven\doxia\doxia-logging-api\1.1\doxia-logging-api-1.1.jar;D:\maven.m2\org\apache\maven\reporting\maven-reporting-impl\2.1\maven-reporting-impl-2.1.jar;D:\maven.m2\org\apache\maven\doxia\doxia-core\1.1.2\doxia-core-1.1.2.jar;D:\maven.m2\xerces\xercesImpl\2.8.1\xercesImpl-2.8.1.jar;D:\maven.m2\commons-lang\commons-lang\2.4\commons-lang-2.4.jar;D:\maven.m2\commons-httpclient\commons-httpclient\3.1\commons-httpclient-3.1.jar;D:\maven.m2\commons-codec\commons-codec\1.13\commons-codec-1.13.jar;D:\maven.m2\org\apache\maven\doxia\doxia-site-renderer\1.1.2\doxia-site-renderer-1.1.2.jar;D:\maven.m2\org\apache\maven\doxia\doxia-decoration-model\1.1.2\doxia-decoration-model-1.1.2.jar;D:\maven.m2\org\apache\maven\doxia\doxia-module-xhtml\1.1.2\doxia-module-xhtml-1.1.2.jar;D:\maven.m2\org\apache\maven\doxia\doxia-module-fml\1.1.2\doxia-module-fml-1.1.2.jar;D:\maven.m2\org\codehaus\plexus\plexus-i18n\1.0-beta-7\plexus-i18n-1.0-beta-7.jar;D:\maven.m2\org\codehaus\plexus\plexus-velocity\1.1.7\plexus-velocity-1.1.7.jar;D:\maven.m2\org\apache\velocity\velocity\1.5\velocity-1.5.jar;D:\maven.m2\commons-collections\commons-collections\3.2\commons-collections-3.2.jar;D:\maven.m2\commons-validator\commons-validator\1.2.0\commons-validator-1.2.0.jar;D:\maven.m2\commons-beanutils\commons-beanutils\1.7.0\commons-beanutils-1.7.0.jar;D:\maven.m2\commons-digester\commons-digester\1.6\commons-digester-1.6.jar;D:\maven.m2\commons-logging\commons-logging\1.0.4\commons-logging-1.0.4.jar;D:\maven.m2\oro\oro\2.0.8\oro-2.0.8.jar;D:\maven.m2\xml-apis\xml-apis\1.0.b2\xml-apis-1.0.b2.jar;D:\maven.m2\org\jacoco\org.jacoco.agent\0.8.2\org.jacoco.agent-0.8.2-runtime.jar;D:\maven.m2\org\jacoco\org.jacoco.core\0.8.2\org.jacoco.core-0.8.2.jar;D:\maven.m2\org\ow2\asm\asm\6.2.1\asm-6.2.1.jar;D:\maven.m2\org\ow2\asm\asm-commons\6.2.1\asm-commons-6.2.1.jar;D:\maven.m2\org\ow2\asm\asm-analysis\6.2.1\asm-analysis-6.2.1.jar;D:\maven.m2\org\ow2\asm\asm-tree\6.2.1\asm-tree-6.2.1.jar;D:\maven.m2\org\jacoco\org.jacoco.report\0.8.2\org.jacoco.report-0.8.2.jar;D:\maven.m2\ch\qos\logback\logback-classic\1.1.11\logback-classic-1.1.11.jar;D:\maven.m2\ch\qos\logback\logback-core\1.2.3\logback-core-1.2.3.jar;D:\maven.m2\org\slf4j\slf4j-api\1.7.30\slf4j-api-1.7.30.jar;"/>
    <property name="sun.cpu.endian" value="little"/>
    <property name="user.home" value="C:\Users\yuell"/>
    <property name="user.language" value="zh"/>
    <property name="java.specification.vendor" value="Oracle Corporation"/>
    <property name="java.home" value="C:\Program Files\Java\jdk1.8.0_77\jre"/>
    <property name="basedir" value="D:\git_new\DS\dnsDemo"/>
    <property name="file.separator" value="\"/>
    <property name="line.separator" value="&#10;"/>
    <property name="java.vm.specification.vendor" value="Oracle Corporation"/>
    <property name="java.specification.name" value="Java Platform API Specification"/>
    <property name="java.awt.graphicsenv" value="sun.awt.Win32GraphicsEnvironment"/>
    <property name="surefire.real.class.path" value="C:\Users\yuell\AppData\Local\Temp\surefire9015551009071867903\surefirebooter4531948097582050221.jar;D:\\maven.m2\\org\\jacoco\\org.jacoco.agent\\0.8.2\\org.jacoco.agent-0.8.2-runtime.jar"/>
    <property name="sun.boot.class.path" value="C:\Program Files\Java\jdk1.8.0_77\jre\lib\resources.jar;C:\Program Files\Java\jdk1.8.0_77\jre\lib\rt.jar;C:\Program Files\Java\jdk1.8.0_77\jre\lib\sunrsasign.jar;C:\Program Files\Java\jdk1.8.0_77\jre\lib\jsse.jar;C:\Program Files\Java\jdk1.8.0_77\jre\lib\jce.jar;C:\Program Files\Java\jdk1.8.0_77\jre\lib\charsets.jar;C:\Program Files\Java\jdk1.8.0_77\jre\lib\jfr.jar;C:\Program Files\Java\jdk1.8.0_77\jre\classes"/>
    <property name="user.script" value=""/>
    <property name="sun.management.compiler" value="HotSpot 64-Bit Tiered Compilers"/>
    <property name="java.runtime.version" value="1.8.0_77-b03"/>
    <property name="user.name" value="yuell"/>
    <property name="path.separator" value=";"/>
    <property name="os.version" value="10.0"/>
    <property name="java.endorsed.dirs" value="C:\Program Files\Java\jdk1.8.0_77\jre\lib\endorsed"/>
    <property name="java.runtime.name" value="Java(TM) SE Runtime Environment"/>
    <property name="file.encoding" value="GBK"/>
    <property name="java.vm.name" value="Java HotSpot(TM) 64-Bit Server VM"/>
    <property name="localRepository" value="D:\maven.m2"/>
    <property name="java.vendor.url.bug" value="http://bugreport.sun.com/bugreport/"/>
    <property name="java.io.tmpdir" value="C:\Users\yuell\AppData\Local\Temp\"/>
    <property name="java.version" value="1.8.0_77"/>
    <property name="user.dir" value="D:\git_new\DS\dnsDemo"/>
    <property name="os.arch" value="amd64"/>
    <property name="java.vm.specification.name" value="Java Virtual Machine Specification"/>
    <property name="java.awt.printerjob" value="sun.awt.windows.WPrinterJob"/>
    <property name="sun.os.patch.level" value=""/>
    <property name="idea.version2019.3.4" value="true"/>
    <property name="java.library.path" value="C:\Program Files\Java\jdk1.8.0_77\jre\bin;C:\windows\Sun\Java\bin;C:\windows\system32;C:\windows;D:\app\yuell\product\11.2.0\client_1;C:\windows\system32;C:\windows;C:\windows\System32\Wbem;C:\windows\System32\WindowsPowerShell\v1.0\;C:\windows\System32\OpenSSH\;C:\Program Files\Java\jdk1.8.0_77\bin;D:\ITtools\apache-maven-3.3.9-bin\apache-maven-3.3.9\bin;D:\tools\phantomjs\;D:\soft\jmeter\apache-jmeter-3.3\lib\ext\ApacheJMeter_core.jar;D:\soft\jmeter\apache-jmeter-3.3\lib\logkit-2.0.jar;D:\soft\jmeter\apache-jmeter-3.3\lib\jorphan.jar;C:\Users\yuell\AppData\Local\Microsoft\WindowsApps;C:\Program Files (x86)\IDM Computer Solutions\UltraEdit\;."/>
    <property name="java.vm.info" value="mixed mode"/>
    <property name="java.vendor" value="Oracle Corporation"/>
    <property name="java.vm.version" value="25.77-b03"/>
    <property name="java.ext.dirs" value="C:\Program Files\Java\jdk1.8.0_77\jre\lib\ext;C:\windows\Sun\Java\lib\ext"/>
    <property name="sun.io.unicode.encoding" value="UnicodeLittle"/>
    <property name="java.class.version" value="52.0"/>
  </properties>
  <testcase name="getDns" classname="cn.dns.service.impl.DnsServiceImplTest" time="0.137"/>
</testsuite>